============================================================
JARVIS v14 Ultimate - Phase 7 Test Report
============================================================
Generated: 2026-02-14T07:50:45.839939

------------------------------------------------------------
Test: TODO 57: Core Unit Tests
File: tests/test_core.py
Status: FAIL
Tests: 15/41 passed
Time: 1.19s

... (truncated) ...
    Error: ContextManager.create_context() missing 1 required positional argument: 'conversation_id'

--- Edge Case Tests ---
  ‚úó edge: Empty data handling
    Error: cannot import name 'Cache' from 'core.cache' (/home/z/my-project/jarvis_project/jarvis_v14_ultimate/
  ‚úó edge: Unicode handling
    Error: cannot import name 'Cache' from 'core.cache' (/home/z/my-project/jarvis_project/jarvis_v14_ultimate/
  ‚úó edge: Large data handling
    Error: cannot import name 'Cache' from 'core.cache' (/home/z/my-project/jarvis_project/jarvis_v14_ultimate/
  ‚úó edge: Concurrent access
    Error: cannot import name 'Cache' from 'core.cache' (/home/z/my-project/jarvis_project/jarvis_v14_ultimate/

============================================================
TODO 57: Core Unit Tests Results
============================================================
Total: 41 | Passed: 15 | Failed: 26
Success Rate: 36.6% | Time: 0.75s
============================================================

‚ö†Ô∏è SOME TESTS FAILED - CHECK ABOVE

------------------------------------------------------------
Test: TODO 58: AI Engine Tests
File: tests/test_ai.py
Status: FAIL
Tests: 36/42 passed
Time: 1.38s

... (truncated) ...
  ‚úì response_parser: Parse invalid JSON
  ‚úì response_parser: ErrorDetector
  ‚úì response_parser: StreamingParser

--- Local Fallback AI Tests ---
  ‚úì local_fallback: Module (not implemented)
  ‚úì local_fallback: Pattern matching

--- AI Module Integration Tests ---
  ‚úì integration: Selector-Parser
  ‚úì integration: RateLimiter-ModelSelector

============================================================
TODO 58: AI Engine Unit Tests Results
============================================================
Total: 42 | Passed: 36 | Failed: 6
Success Rate: 85.7% | Time: 0.98s
============================================================

‚ö†Ô∏è SOME TESTS FAILED - CHECK ABOVE

------------------------------------------------------------
Test: TODO 59: Self-Modification Tests
File: tests/test_selfmod.py
Status: FAIL
Tests: 5/41 passed
Time: 2.89s

... (truncated) ...

--- Edge Case Tests ---
  ‚úó edge: Empty code
    Error: 'CodeAnalyzer' object has no attribute 'parse'
  ‚úó edge: Very long line
    Error: 
  ‚úó edge: Unicode code
    Error: 'CodeAnalyzer' object has no attribute 'parse'
  ‚úó edge: Deeply nested code
    Error: 'CodeAnalyzer' object has no attribute 'parse'

============================================================
TODO 59: Self-Modification Unit Tests Results
============================================================
Total: 41 | Passed: 5 | Failed: 36
Success Rate: 12.2% | Time: 2.74s
============================================================

‚ö†Ô∏è SOME TESTS FAILED - CHECK ABOVE
Rolling back due to exception: Intentional

------------------------------------------------------------
Test: TODO 60: Integration Tests
File: tests/test_integration.py
Status: FAIL
Tests: 2/11 passed
Time: 0.80s

... (truncated) ...
  ‚úì integration: Circuit breaker recovery

--- State Persistence ---
  ‚úó integration: Session persistence
    Error: SessionManager.__init__() got an unexpected keyword argument 'storage_path'
  ‚úó integration: Cache persistence
    Error: cannot import name 'Cache' from 'core.cache' (/home/z/my-project/jarvis_project/jarvis_v14_ultimate/

--- Full Workflow Tests ---
  ‚úó integration: Complete user workflow
    Error: cannot import name 'Cache' from 'core.cache' (/home/z/my-project/jarvis_project/jarvis_v14_ultimate/

============================================================
TODO 60: Integration Tests Results
============================================================
Total: 11 | Passed: 2 | Failed: 9
Success Rate: 18.2% | Time: 0.65s

‚ö†Ô∏è SOME TESTS FAILED - CHECK ABOVE
Event processing error: unhashable type: 'Event'

------------------------------------------------------------
Test: TODO 61: Performance Tests
File: tests/test_performance.py
Status: FAIL
Tests: 4/10 passed
Time: 0.44s

... (truncated) ...
    Received 500 events
  ‚úì performance: Concurrent events

--- Long-Running Stability Tests ---
  ‚úó performance: Sustained load
    Error: cannot import name 'Cache' from 'core.cache' (/home/z/my-project/jarvis_project/jarvis_v14_ultimate/
  ‚úó performance: Memory leak check
    Error: cannot import name 'Cache' from 'core.cache' (/home/z/my-project/jarvis_project/jarvis_v14_ultimate/

--- Benchmark Summary ---
  ‚úó performance: Benchmarks
    Error: cannot import name 'Cache' from 'core.cache' (/home/z/my-project/jarvis_project/jarvis_v14_ultimate/

============================================================
TODO 61: Performance Tests Results
============================================================
Total: 10 | Passed: 4 | Failed: 6
Success Rate: 40.0% | Time: 0.31s

‚ö†Ô∏è SOME TESTS FAILED - CHECK ABOVE

------------------------------------------------------------
Test: TODO 62: Compatibility Tests
File: tests/test_compat.py
Status: PASS
Tests: 17/17 passed
Time: 1.06s

... (truncated) ...
--- Fallback Chain Tests ---
    HTTP client: httpx
  ‚úì compat: HTTP fallback chain
    Logger: loguru
  ‚úì compat: Logging fallback

--- Platform Compatibility ---
    System: Linux
    Machine: x86_64
    Python: 3.12.12
  ‚úì compat: Platform info
  ‚úì compat: UTF-8 encoding

============================================================
TODO 62: Compatibility Tests Results
============================================================
Total: 17 | Passed: 17 | Failed: 0
Success Rate: 100.0%

üéâ TODO 62: ALL COMPATIBILITY TESTS PASSED!

------------------------------------------------------------
Test: TODO 63: Security Tests
File: tests/test_security.py
Status: FAIL
Tests: 8/16 passed
Time: 0.61s

... (truncated) ...

--- Safe Modification Boundary Tests ---
  ‚úó security: Sandbox restrictions
    Error: cannot import name 'SafeModifier' from 'core.self_mod.safe_modifier' (/home/z/my-project/jarvis_proj
  ‚úó security: Network restrictions
    Error: cannot import name 'SafeModifier' from 'core.self_mod.safe_modifier' (/home/z/my-project/jarvis_proj
  ‚úó security: Safe modules allowed
    Error: cannot import name 'SafeModifier' from 'core.self_mod.safe_modifier' (/home/z/my-project/jarvis_proj

--- Permission Checks ---
  ‚úì security: Permission creation
  ‚úì security: Role permissions

============================================================
TODO 63: Security Tests Results
============================================================
Total: 16 | Passed: 8 | Failed: 8
Success Rate: 50.0%

‚ö†Ô∏è SOME TESTS FAILED - CHECK ABOVE

------------------------------------------------------------
Test: TODO 64: User Acceptance Tests
File: tests/test_ua.py
Status: FAIL
Tests: 5/17 passed
Time: 4.55s

... (truncated) ...
  ‚úó uat: Backup recovery
    Error: 'str' object has no attribute 'name'
  ‚úó uat: Error recovery
    Error: 'ErrorHandler' object has no attribute 'handle'
  ‚úì uat: Circuit breaker recovery

--- Real-World Scenario Tests ---
  ‚úó uat: Startup sequence
    Error: cannot import name 'Cache' from 'core.cache' (/home/z/my-project/jarvis_project/jarvis_v14_ultimate/
  ‚úì uat: User interaction flow
  ‚úó uat: Graceful shutdown
    Error: cannot import name 'Cache' from 'core.cache' (/home/z/my-project/jarvis_project/jarvis_v14_ultimate/

============================================================
TODO 64: User Acceptance Tests Results
============================================================
Total: 17 | Passed: 5 | Failed: 12
Success Rate: 29.4%

‚ö†Ô∏è SOME TESTS FAILED - CHECK ABOVE
